<?xml version="1.0" encoding="UTF-8"?>
<!-- Generated by org.testng.reporters.JUnitXMLReporter -->
<testsuite hostname="DESKTOP-OO9JJOQ" ignored="0" name="Default test" tests="5" failures="0" timestamp="29 Oct 2020 23:07:04 GMT" time="188.967" errors="0">
  <testcase name="verify_ContactsPageTitle_Test" time="1.528" classname="com.qa.hubspot.tests.ContactsPageTest"/>
  <testcase name="createNewContact_Test" time="30.578" classname="com.qa.hubspot.tests.ContactsPageTest"/>
  <testcase name="createNewContact_Test" time="33.581" classname="com.qa.hubspot.tests.ContactsPageTest"/>
  <testcase name="createNewContact_Test" time="24.636" classname="com.qa.hubspot.tests.ContactsPageTest"/>
  <testcase name="createNewContact_Test" time="28.088" classname="com.qa.hubspot.tests.ContactsPageTest"/>
</testsuite> <!-- Default test -->
