<?xml version="1.0" encoding="UTF-8"?>
<!-- Generated by org.testng.reporters.JUnitXMLReporter -->
<testsuite hostname="DESKTOP-OO9JJOQ" ignored="0" name="Default test" tests="5" failures="0" timestamp="02 Nov 2020 18:56:05 GMT" time="161.934" errors="0">
  <testcase name="verify_ContactsPageTitle_Test" time="0.332" classname="com.qa.hubspot.tests.ContactsPageTest"/>
  <testcase name="createNewContact_Test" time="28.775" classname="com.qa.hubspot.tests.ContactsPageTest"/>
  <testcase name="createNewContact_Test" time="29.638" classname="com.qa.hubspot.tests.ContactsPageTest"/>
  <testcase name="createNewContact_Test" time="25.097" classname="com.qa.hubspot.tests.ContactsPageTest"/>
  <testcase name="createNewContact_Test" time="24.928" classname="com.qa.hubspot.tests.ContactsPageTest"/>
</testsuite> <!-- Default test -->
