<?xml version="1.0" encoding="UTF-8"?>
<!-- Generated by org.testng.reporters.JUnitXMLReporter -->
<testsuite hostname="DESKTOP-OO9JJOQ" ignored="0" name="Regression Functional Test" tests="6" failures="0" timestamp="23 Oct 2020 15:53:53 GMT" time="114.377" errors="0">
  <testcase name="verifyloginpage_title_Test" time="0.05" classname="com.qa.hubspot.tests.LogInPageTest"/>
  <testcase name="verify_HomePageTitle_Test" time="0.032" classname="com.qa.hubspot.tests.HomePageTest"/>
  <testcase name="verifysignup_link_Test" time="1.385" classname="com.qa.hubspot.tests.LogInPageTest"/>
  <testcase name="verify_HomePageHeader_Test" time="2.572" classname="com.qa.hubspot.tests.HomePageTest"/>
  <testcase name="login_Test" time="35.224" classname="com.qa.hubspot.tests.LogInPageTest"/>
  <testcase name="verify_Useraccount_Test" time="4.96" classname="com.qa.hubspot.tests.HomePageTest"/>
</testsuite> <!-- Regression Functional Test -->
