<?xml version="1.0" encoding="UTF-8"?>
<testng-results skipped="0" failed="0" ignored="0" total="5" passed="5">
  <reporter-output>
  </reporter-output>
  <suite name="Default suite" duration-ms="188967" started-at="2020-10-29T23:03:55Z" finished-at="2020-10-29T23:07:04Z">
    <groups>
    </groups>
    <test name="Default test" duration-ms="188967" started-at="2020-10-29T23:03:55Z" finished-at="2020-10-29T23:07:04Z">
      <class name="com.qa.hubspot.tests.ContactsPageTest">
        <test-method status="PASS" signature="setup()[pri:0, instance:com.qa.hubspot.tests.ContactsPageTest@66a3ffec]" name="setup" is-config="true" duration-ms="66631" started-at="2020-10-30T04:33:55Z" finished-at="2020-10-30T04:35:02Z">
          <reporter-output>
          </reporter-output>
        </test-method> <!-- setup -->
        <test-method status="PASS" signature="verify_ContactsPageTitle_Test()[pri:1, instance:com.qa.hubspot.tests.ContactsPageTest@66a3ffec]" name="verify_ContactsPageTitle_Test" duration-ms="1528" started-at="2020-10-30T04:35:02Z" finished-at="2020-10-30T04:35:03Z">
          <reporter-output>
          </reporter-output>
        </test-method> <!-- verify_ContactsPageTitle_Test -->
        <test-method status="PASS" signature="createNewContact_Test(java.lang.String, java.lang.String, java.lang.String, java.lang.String)[pri:2, instance:com.qa.hubspot.tests.ContactsPageTest@66a3ffec]" name="createNewContact_Test" duration-ms="30578" started-at="2020-10-30T04:35:05Z" data-provider="getContactsTestData" finished-at="2020-10-30T04:35:36Z">
          <params>
            <param index="0">
              <value>
                <![CDATA[sree@gmail.com]]>
              </value>
            </param>
            <param index="1">
              <value>
                <![CDATA[sree]]>
              </value>
            </param>
            <param index="2">
              <value>
                <![CDATA[divya]]>
              </value>
            </param>
            <param index="3">
              <value>
                <![CDATA[SAP]]>
              </value>
            </param>
          </params>
          <reporter-output>
          </reporter-output>
        </test-method> <!-- createNewContact_Test -->
        <test-method status="PASS" signature="createNewContact_Test(java.lang.String, java.lang.String, java.lang.String, java.lang.String)[pri:2, instance:com.qa.hubspot.tests.ContactsPageTest@66a3ffec]" name="createNewContact_Test" duration-ms="33581" started-at="2020-10-30T04:35:36Z" data-provider="getContactsTestData" finished-at="2020-10-30T04:36:09Z">
          <params>
            <param index="0">
              <value>
                <![CDATA[kundu@gmail.com]]>
              </value>
            </param>
            <param index="1">
              <value>
                <![CDATA[kundu]]>
              </value>
            </param>
            <param index="2">
              <value>
                <![CDATA[kittu]]>
              </value>
            </param>
            <param index="3">
              <value>
                <![CDATA[Developer]]>
              </value>
            </param>
          </params>
          <reporter-output>
          </reporter-output>
        </test-method> <!-- createNewContact_Test -->
        <test-method status="PASS" signature="createNewContact_Test(java.lang.String, java.lang.String, java.lang.String, java.lang.String)[pri:2, instance:com.qa.hubspot.tests.ContactsPageTest@66a3ffec]" name="createNewContact_Test" duration-ms="24636" started-at="2020-10-30T04:36:09Z" data-provider="getContactsTestData" finished-at="2020-10-30T04:36:34Z">
          <params>
            <param index="0">
              <value>
                <![CDATA[teja@gmail.com]]>
              </value>
            </param>
            <param index="1">
              <value>
                <![CDATA[sai]]>
              </value>
            </param>
            <param index="2">
              <value>
                <![CDATA[teja]]>
              </value>
            </param>
            <param index="3">
              <value>
                <![CDATA[Python]]>
              </value>
            </param>
          </params>
          <reporter-output>
          </reporter-output>
        </test-method> <!-- createNewContact_Test -->
        <test-method status="PASS" signature="createNewContact_Test(java.lang.String, java.lang.String, java.lang.String, java.lang.String)[pri:2, instance:com.qa.hubspot.tests.ContactsPageTest@66a3ffec]" name="createNewContact_Test" duration-ms="28088" started-at="2020-10-30T04:36:34Z" data-provider="getContactsTestData" finished-at="2020-10-30T04:37:02Z">
          <params>
            <param index="0">
              <value>
                <![CDATA[jones@gmail.com]]>
              </value>
            </param>
            <param index="1">
              <value>
                <![CDATA[jacks]]>
              </value>
            </param>
            <param index="2">
              <value>
                <![CDATA[jone]]>
              </value>
            </param>
            <param index="3">
              <value>
                <![CDATA[AWS]]>
              </value>
            </param>
          </params>
          <reporter-output>
          </reporter-output>
        </test-method> <!-- createNewContact_Test -->
        <test-method status="PASS" signature="teardown()[pri:0, instance:com.qa.hubspot.tests.ContactsPageTest@66a3ffec]" name="teardown" is-config="true" duration-ms="1981" started-at="2020-10-30T04:37:02Z" finished-at="2020-10-30T04:37:04Z">
          <reporter-output>
          </reporter-output>
        </test-method> <!-- teardown -->
      </class> <!-- com.qa.hubspot.tests.ContactsPageTest -->
    </test> <!-- Default test -->
  </suite> <!-- Default suite -->
</testng-results>
